[     692ms] [INFO] %cDownload the React DevTools for a better development experience: https://react.dev/link/react-devtools font-weight:bold @ http://localhost:3000/_next/static/chunks/node_modules_next_dist_115brz8._.js:2431
[     879ms] [LOG] [HMR] connected @ http://localhost:3000/_next/static/chunks/node_modules_next_dist_115brz8._.js:2431
[    1126ms] [LOG] [Fast Refresh] rebuilding @ http://localhost:3000/_next/static/chunks/node_modules_next_dist_115brz8._.js:2431
[    1317ms] [LOG] [Fast Refresh] done in 378ms @ http://localhost:3000/_next/static/chunks/node_modules_next_dist_115brz8._.js:2431
[    1470ms] [LOG] [Fast Refresh] rebuilding @ http://localhost:3000/_next/static/chunks/node_modules_next_dist_115brz8._.js:2431
[    2004ms] [ERROR] Failed to load resource: the server responded with a status of 503 (Service Unavailable) @ http://localhost:3000/api/tts:0
[    2006ms] [ERROR] [TTS] 503 {"error":"TTS är inte konfigurerad på servern."} @ http://localhost:3000/_next/static/chunks/node_modules_next_dist_115brz8._.js:3272
[    2006ms] [ERROR] [TTS queue] Error: TTS misslyckades: 503
    at ColoringChatAi.useEffect (http://localhost:3000/_next/static/chunks/src_0kpgx2v._.js:1538:35) @ http://localhost:3000/_next/static/chunks/node_modules_next_dist_115brz8._.js:3272
[    2007ms] [LOG] [Fast Refresh] done in 639ms @ http://localhost:3000/_next/static/chunks/node_modules_next_dist_115brz8._.js:2431
[    2032ms] [ERROR] Failed to load resource: the server responded with a status of 503 (Service Unavailable) @ http://localhost:3000/api/tts:0
[    2038ms] [ERROR] [TTS] 503 {"error":"TTS är inte konfigurerad på servern."} @ http://localhost:3000/_next/static/chunks/node_modules_next_dist_115brz8._.js:3272
[    2039ms] [ERROR] [TTS queue] Error: TTS misslyckades: 503
    at ColoringChatAi.useEffect (http://localhost:3000/_next/static/chunks/src_0kpgx2v._.js:1538:35) @ http://localhost:3000/_next/static/chunks/node_modules_next_dist_115brz8._.js:3272
[    2067ms] [ERROR] Failed to load resource: the server responded with a status of 503 (Service Unavailable) @ http://localhost:3000/api/tts:0
[    2069ms] [ERROR] [TTS] 503 {"error":"TTS är inte konfigurerad på servern."} @ http://localhost:3000/_next/static/chunks/node_modules_next_dist_115brz8._.js:3272
[    2069ms] [ERROR] [TTS queue] Error: TTS misslyckades: 503
    at ColoringChatAi.useEffect (http://localhost:3000/_next/static/chunks/src_0kpgx2v._.js:1538:35) @ http://localhost:3000/_next/static/chunks/node_modules_next_dist_115brz8._.js:3272
[    2171ms] [LOG] [Fast Refresh] rebuilding @ http://localhost:3000/_next/static/chunks/node_modules_next_dist_115brz8._.js:2431
[    2211ms] [LOG] [Fast Refresh] done in 140ms @ http://localhost:3000/_next/static/chunks/node_modules_next_dist_115brz8._.js:2431
[   13280ms] [LOG] [Fast Refresh] rebuilding @ http://localhost:3000/_next/static/chunks/node_modules_next_dist_115brz8._.js:2431
[   13319ms] [LOG] [Fast Refresh] done in 139ms @ http://localhost:3000/_next/static/chunks/node_modules_next_dist_115brz8._.js:2431
[   33947ms] [LOG] [Fast Refresh] rebuilding @ http://localhost:3000/_next/static/chunks/node_modules_next_dist_115brz8._.js:2431
[   35683ms] [ERROR] Failed to load resource: the server responded with a status of 503 (Service Unavailable) @ http://localhost:3000/api/chat:0
[   35685ms] [LOG] [Fast Refresh] done in 1838ms @ http://localhost:3000/_next/static/chunks/node_modules_next_dist_115brz8._.js:2431
[   43182ms] [LOG] [Fast Refresh] rebuilding @ http://localhost:3000/_next/static/chunks/node_modules_next_dist_115brz8._.js:2431
[   43225ms] [LOG] [Fast Refresh] done in 144ms @ http://localhost:3000/_next/static/chunks/node_modules_next_dist_115brz8._.js:2431
[   52869ms] [LOG] [Fast Refresh] rebuilding @ http://localhost:3000/_next/static/chunks/node_modules_next_dist_115brz8._.js:2431
[   52882ms] [LOG] [Fast Refresh] done in 114ms @ http://localhost:3000/_next/static/chunks/node_modules_next_dist_115brz8._.js:2431
[  108173ms] [LOG] [Fast Refresh] rebuilding @ http://localhost:3000/_next/static/chunks/node_modules_next_dist_115brz8._.js:2431
[  108479ms] [LOG] [Fast Refresh] done in 304ms @ http://localhost:3000/_next/static/chunks/node_modules_next_dist_115brz8._.js:2431
[  111401ms] [LOG] [Fast Refresh] rebuilding @ http://localhost:3000/_next/static/chunks/node_modules_next_dist_115brz8._.js:2431
[  111420ms] [LOG] [Fast Refresh] done in 119ms @ http://localhost:3000/_next/static/chunks/node_modules_next_dist_115brz8._.js:2431
